Temp/gradleOut/unityLibrary/build/intermediates/manifest_merge_blame_file/release/manifest-merger-blame-release-report.txt
1<?xml version="1.0" encoding="utf-8"?>
2<!-- GENERATED BY UNITY. REMOVE THIS COMMENT TO PREVENT OVERWRITING WHEN EXPORTING AGAIN -->
3<manifest xmlns:android="http://schemas.android.com/apk/res/android"
4    xmlns:tools="http://schemas.android.com/tools"
5    package="com.unity3d.player"
6    android:versionCode="1"
7    android:versionName="1.0.2" >
8
9    <uses-sdk
10        android:minSdkVersion="25"
10-->src/main/AndroidManifest.xml
11        android:targetSdkVersion="29" />
11-->src/main/AndroidManifest.xml
12
13    <uses-feature android:glEsVersion="0x00030000" />
13-->src/main/AndroidManifest.xml:26:3-52
13-->src/main/AndroidManifest.xml:26:17-49
14
15    <uses-permission android:name="android.permission.INTERNET" />
15-->src/main/AndroidManifest.xml:27:3-65
15-->src/main/AndroidManifest.xml:27:20-62
16
17    <uses-feature
17-->src/main/AndroidManifest.xml:28:3-88
18        android:name="android.hardware.touchscreen"
18-->src/main/AndroidManifest.xml:28:17-60
19        android:required="false" />
19-->src/main/AndroidManifest.xml:28:61-85
20    <uses-feature
20-->src/main/AndroidManifest.xml:29:3-99
21        android:name="android.hardware.touchscreen.multitouch"
21-->src/main/AndroidManifest.xml:29:17-71
22        android:required="false" />
22-->src/main/AndroidManifest.xml:29:72-96
23    <uses-feature
23-->src/main/AndroidManifest.xml:30:3-108
24        android:name="android.hardware.touchscreen.multitouch.distinct"
24-->src/main/AndroidManifest.xml:30:17-80
25        android:required="false" />
25-->src/main/AndroidManifest.xml:30:81-105
26
27    <uses-permission android:name="android.permission.CAMERA" />
27-->src/main/AndroidManifest.xml:31:3-63
27-->src/main/AndroidManifest.xml:31:20-60
28
29    <uses-feature
29-->src/main/AndroidManifest.xml:32:3-85
30        android:name="android.hardware.camera.ar"
30-->src/main/AndroidManifest.xml:32:17-58
31        android:required="true" />
31-->src/main/AndroidManifest.xml:32:59-82
32
33    <application>
33-->src/main/AndroidManifest.xml:4:3-25:17
34        <activity
34-->src/main/AndroidManifest.xml:5:5-12:16
35            android:name="com.unity3d.player.UnityPlayerActivity"
35-->src/main/AndroidManifest.xml:5:15-68
36            android:configChanges="mcc|mnc|locale|touchscreen|keyboard|keyboardHidden|navigation|orientation|screenLayout|uiMode|screenSize|smallestScreenSize|fontScale|layoutDirection|density"
36-->src/main/AndroidManifest.xml:5:180-361
37            android:hardwareAccelerated="false"
37-->src/main/AndroidManifest.xml:5:362-397
38            android:launchMode="singleTask"
38-->src/main/AndroidManifest.xml:5:148-179
39            android:screenOrientation="portrait"
39-->src/main/AndroidManifest.xml:5:111-147
40            android:theme="@style/UnityThemeSelector" >
40-->src/main/AndroidManifest.xml:5:69-110
41            <intent-filter>
41-->src/main/AndroidManifest.xml:6:7-9:23
42                <action android:name="android.intent.action.MAIN" />
42-->src/main/AndroidManifest.xml:7:9-61
42-->src/main/AndroidManifest.xml:7:17-58
43
44                <category android:name="android.intent.category.LAUNCHER" />
44-->src/main/AndroidManifest.xml:8:9-69
44-->src/main/AndroidManifest.xml:8:19-66
45            </intent-filter>
46
47            <meta-data
47-->src/main/AndroidManifest.xml:10:7-82
48                android:name="unityplayer.UnityActivity"
48-->src/main/AndroidManifest.xml:10:18-58
49                android:value="true" />
49-->src/main/AndroidManifest.xml:10:59-79
50            <meta-data
50-->src/main/AndroidManifest.xml:11:7-78
51                android:name="android.notch_support"
51-->src/main/AndroidManifest.xml:11:18-54
52                android:value="true" />
52-->src/main/AndroidManifest.xml:11:55-75
53        </activity>
54
55        <meta-data
55-->src/main/AndroidManifest.xml:13:5-69
56            android:name="unity.splash-mode"
56-->src/main/AndroidManifest.xml:13:16-48
57            android:value="0" />
57-->src/main/AndroidManifest.xml:13:49-66
58        <meta-data
58-->src/main/AndroidManifest.xml:14:5-74
59            android:name="unity.splash-enable"
59-->src/main/AndroidManifest.xml:14:16-50
60            android:value="True" />
60-->src/main/AndroidManifest.xml:14:51-71
61        <meta-data
61-->src/main/AndroidManifest.xml:15:5-81
62            android:name="notch.config"
62-->src/main/AndroidManifest.xml:15:16-43
63            android:value="portrait|landscape" />
63-->src/main/AndroidManifest.xml:15:44-78
64        <meta-data
64-->src/main/AndroidManifest.xml:16:5-101
65            android:name="unity.build-id"
65-->src/main/AndroidManifest.xml:16:16-45
66            android:value="977e260e-f773-42e2-b0be-a249656ab650" />
66-->src/main/AndroidManifest.xml:16:46-98
67
68        <receiver
68-->src/main/AndroidManifest.xml:17:5-112
69            android:name="com.unity.androidnotifications.UnityNotificationManager"
69-->src/main/AndroidManifest.xml:17:15-85
70            android:exported="true" />
70-->src/main/AndroidManifest.xml:17:86-109
71        <receiver
71-->src/main/AndroidManifest.xml:18:5-22:16
72            android:name="com.unity.androidnotifications.UnityNotificationRestartOnBootReceiver"
72-->src/main/AndroidManifest.xml:18:15-99
73            android:enabled="false" >
73-->src/main/AndroidManifest.xml:18:100-123
74            <intent-filter>
74-->src/main/AndroidManifest.xml:19:7-21:23
75                <action android:name="android.intent.action.BOOT_COMPLETED" />
75-->src/main/AndroidManifest.xml:20:9-71
75-->src/main/AndroidManifest.xml:20:17-68
76            </intent-filter>
77        </receiver>
78
79        <meta-data
79-->src/main/AndroidManifest.xml:23:5-88
80            android:name="unityplayer.SkipPermissionsDialog"
80-->src/main/AndroidManifest.xml:23:16-64
81            android:value="true" />
81-->src/main/AndroidManifest.xml:23:65-85
82        <meta-data
82-->src/main/AndroidManifest.xml:24:5-77
83            android:name="com.google.ar.core"
83-->src/main/AndroidManifest.xml:24:16-49
84            android:value="required" />
84-->src/main/AndroidManifest.xml:24:50-74
85    </application>
86
87</manifest>